<?xml version="1.0" encoding="UTF-8" ?>
<testsuite errors="0" failures="1" hostname="hlbrfiixx2a2202.dynamic.ucsd.edu" name="org.genepattern.gpunit.test.BatchModuleTest" skipped="0" tests="1" time="8.106" timestamp="2018-01-27T01:24:53">
  <properties>
[...]
</properties>
  <testcase classname="org.genepattern.gpunit.test.BatchModuleTest" name="gpunit[HierarchicalClustering - Column Oriented - Default - Pearson - Pairwise Average-Linkage]" time="8.061">
    <failure message="job #765, Expecting result file named &apos;BRCA_minimal_60x20.atr&apos;" type="junit.framework.AssertionFailedError">junit.framework.AssertionFailedError: job #765, Expecting result file named &apos;BRCA_minimal_60x20.atr&apos;
	at org.genepattern.gpunit.validator.JobResultValidatorGeneric.validate(JobResultValidatorGeneric.java:248)
	at org.genepattern.gpunit.exec.rest.RestClientUtil.runTest(RestClientUtil.java:62)
	at org.genepattern.gpunit.test.BatchModuleTest.gpunit(BatchModuleTest.java:263)
</failure>
  </testcase>
  <system-out><![CDATA[]]></system-out>
  <system-err><![CDATA[]]></system-err>
</testsuite>
